[21:34:28] [ServerMain/INFO]: [bootstrap] Running Java 21 (OpenJDK 64-Bit Server VM 21.0.5+11-Ubuntu-1ubuntu120.04; Ubuntu null) on Linux 6.5.0-1025-azure (amd64)
[21:34:28] [ServerMain/INFO]: [bootstrap] Loading Paper 1.21-130-master@b1b5d4c (2024-08-10T10:02:42Z) for Minecraft 1.21
[21:34:28] [ServerMain/INFO]: [PluginInitializerManager] Initializing plugins...
[21:34:29] [ServerMain/INFO]: [PluginInitializerManager] Initialized 14 plugins
[21:34:29] [ServerMain/INFO]: [PluginInitializerManager] Bukkit plugins (14):
 - BloodMoon (0.8.1), DeathChest (2.2.7), Geyser-Spigot (2.6.0-SNAPSHOT), LoginSecurity (3.3.0), MeteoritesPro (1.5.3), RedProtect (8.1.2-SNAPSHOT), SimpleTpa (7.4), SkinsRestorer (15.5.1), Spawntp (4.0.4), ViaBackwards (5.2.1), ViaRewind (4.0.5), ViaVersion (5.2.1), ZombieApocalypse (1.4.11), floodgate (2.2.3-SNAPSHOT (b114-83fbd6e))
[21:34:33] [ServerMain/INFO]: Environment: Environment[sessionHost=https://sessionserver.mojang.com, servicesHost=https://api.minecraftservices.com, name=PROD]
[21:34:38] [ServerMain/INFO]: Loaded 1473 recipes
[21:34:38] [ServerMain/ERROR]: Couldn't load advancements: [minecraft:wander_add_map, minecraft:give_quest_trader_trade]
[21:34:38] [ServerMain/INFO]: Loaded 1732 advancements
[21:34:38] [Server thread/INFO]: Starting minecraft server version 1.21
[21:34:38] [Server thread/INFO]: Loading properties
[21:34:38] [Server thread/INFO]: This server is running Paper version 1.21-130-master@b1b5d4c (2024-08-10T10:02:42Z) (Implementing API version 1.21-R0.1-SNAPSHOT)
[21:34:39] [Server thread/INFO]: [spark] This server bundles the spark profiler. For more information please visit https://docs.papermc.io/paper/profiling
[21:34:39] [Server thread/INFO]: Server Ping Player Sample Count: 12
[21:34:39] [Server thread/INFO]: Using 4 threads for Netty based IO
[21:34:40] [Server thread/INFO]: [ChunkTaskScheduler] Chunk system is using 1 I/O threads, 1 worker threads, and population gen parallelism of 1 threads
[21:34:40] [Server thread/INFO]: Default game type: SURVIVAL
[21:34:40] [Server thread/INFO]: Generating keypair
[21:34:41] [Server thread/INFO]: Starting Minecraft server on *:25565
[21:34:41] [Server thread/INFO]: Using epoll channel type
[21:34:41] [Server thread/INFO]: Paper: Using libdeflate (Linux x86_64) compression from Velocity.
[21:34:41] [Server thread/INFO]: Paper: Using OpenSSL 1.1.x (Linux x86_64) cipher from Velocity.
[21:34:42] [Server thread/INFO]: [SpigotLibraryLoader] [Spawntp] Loading 1 libraries... please wait
[21:34:42] [Server thread/INFO]: [SpigotLibraryLoader] [Spawntp] Loaded library /workspaces/esesesese/servidor_minecraft/libraries/com/google/inject/guice/5.1.0/guice-5.1.0.jar
[21:34:42] [Server thread/INFO]: [SpigotLibraryLoader] [Spawntp] Loaded library /workspaces/esesesese/servidor_minecraft/libraries/javax/inject/javax.inject/1/javax.inject-1.jar
[21:34:42] [Server thread/INFO]: [SpigotLibraryLoader] [Spawntp] Loaded library /workspaces/esesesese/servidor_minecraft/libraries/aopalliance/aopalliance/1.0/aopalliance-1.0.jar
[21:34:42] [Server thread/INFO]: [SpigotLibraryLoader] [Spawntp] Loaded library /workspaces/esesesese/servidor_minecraft/libraries/com/google/guava/guava/30.1-jre/guava-30.1-jre.jar
[21:34:42] [Server thread/INFO]: [SpigotLibraryLoader] [Spawntp] Loaded library /workspaces/esesesese/servidor_minecraft/libraries/com/google/guava/failureaccess/1.0.1/failureaccess-1.0.1.jar
[21:34:42] [Server thread/INFO]: [SpigotLibraryLoader] [Spawntp] Loaded library /workspaces/esesesese/servidor_minecraft/libraries/com/google/guava/listenablefuture/9999.0-empty-to-avoid-conflict-with-guava/listenablefuture-9999.0-empty-to-avoid-conflict-with-guava.jar
[21:34:42] [Server thread/INFO]: [SpigotLibraryLoader] [Spawntp] Loaded library /workspaces/esesesese/servidor_minecraft/libraries/com/google/code/findbugs/jsr305/3.0.2/jsr305-3.0.2.jar
[21:34:42] [Server thread/INFO]: [SpigotLibraryLoader] [Spawntp] Loaded library /workspaces/esesesese/servidor_minecraft/libraries/org/checkerframework/checker-qual/3.5.0/checker-qual-3.5.0.jar
[21:34:42] [Server thread/INFO]: [SpigotLibraryLoader] [Spawntp] Loaded library /workspaces/esesesese/servidor_minecraft/libraries/com/google/errorprone/error_prone_annotations/2.3.4/error_prone_annotations-2.3.4.jar
[21:34:42] [Server thread/INFO]: [SpigotLibraryLoader] [Spawntp] Loaded library /workspaces/esesesese/servidor_minecraft/libraries/com/google/j2objc/j2objc-annotations/1.3/j2objc-annotations-1.3.jar
[21:34:43] [Server thread/INFO]: [SpigotLibraryLoader] [DeathChest] Loading 8 libraries... please wait
[21:34:43] [Server thread/INFO]: [SpigotLibraryLoader] [DeathChest] Loaded library /workspaces/esesesese/servidor_minecraft/libraries/org/apache/commons/commons-text/1.10.0/commons-text-1.10.0.jar
[21:34:43] [Server thread/INFO]: [SpigotLibraryLoader] [DeathChest] Loaded library /workspaces/esesesese/servidor_minecraft/libraries/org/apache/commons/commons-lang3/3.12.0/commons-lang3-3.12.0.jar
[21:34:43] [Server thread/INFO]: [SpigotLibraryLoader] [DeathChest] Loaded library /workspaces/esesesese/servidor_minecraft/libraries/com/google/inject/guice/7.0.0/guice-7.0.0.jar
[21:34:43] [Server thread/INFO]: [SpigotLibraryLoader] [DeathChest] Loaded library /workspaces/esesesese/servidor_minecraft/libraries/jakarta/inject/jakarta.inject-api/2.0.1/jakarta.inject-api-2.0.1.jar
[21:34:43] [Server thread/INFO]: [SpigotLibraryLoader] [DeathChest] Loaded library /workspaces/esesesese/servidor_minecraft/libraries/aopalliance/aopalliance/1.0/aopalliance-1.0.jar
[21:34:43] [Server thread/INFO]: [SpigotLibraryLoader] [DeathChest] Loaded library /workspaces/esesesese/servidor_minecraft/libraries/com/google/guava/guava/31.0.1-jre/guava-31.0.1-jre.jar
[21:34:43] [Server thread/INFO]: [SpigotLibraryLoader] [DeathChest] Loaded library /workspaces/esesesese/servidor_minecraft/libraries/com/google/guava/failureaccess/1.0.1/failureaccess-1.0.1.jar
[21:34:43] [Server thread/INFO]: [SpigotLibraryLoader] [DeathChest] Loaded library /workspaces/esesesese/servidor_minecraft/libraries/com/google/guava/listenablefuture/9999.0-empty-to-avoid-conflict-with-guava/listenablefuture-9999.0-empty-to-avoid-conflict-with-guava.jar
[21:34:43] [Server thread/INFO]: [SpigotLibraryLoader] [DeathChest] Loaded library /workspaces/esesesese/servidor_minecraft/libraries/com/google/code/findbugs/jsr305/3.0.2/jsr305-3.0.2.jar
[21:34:43] [Server thread/INFO]: [SpigotLibraryLoader] [DeathChest] Loaded library /workspaces/esesesese/servidor_minecraft/libraries/com/google/errorprone/error_prone_annotations/2.7.1/error_prone_annotations-2.7.1.jar
[21:34:43] [Server thread/INFO]: [SpigotLibraryLoader] [DeathChest] Loaded library /workspaces/esesesese/servidor_minecraft/libraries/com/google/j2objc/j2objc-annotations/1.3/j2objc-annotations-1.3.jar
[21:34:43] [Server thread/INFO]: [SpigotLibraryLoader] [DeathChest] Loaded library /workspaces/esesesese/servidor_minecraft/libraries/cloud/commandframework/cloud-core/1.7.1/cloud-core-1.7.1.jar
[21:34:43] [Server thread/INFO]: [SpigotLibraryLoader] [DeathChest] Loaded library /workspaces/esesesese/servidor_minecraft/libraries/cloud/commandframework/cloud-services/1.7.1/cloud-services-1.7.1.jar
[21:34:43] [Server thread/INFO]: [SpigotLibraryLoader] [DeathChest] Loaded library /workspaces/esesesese/servidor_minecraft/libraries/io/leangen/geantyref/geantyref/1.3.13/geantyref-1.3.13.jar
[21:34:43] [Server thread/INFO]: [SpigotLibraryLoader] [DeathChest] Loaded library /workspaces/esesesese/servidor_minecraft/libraries/org/checkerframework/checker-qual/3.22.1/checker-qual-3.22.1.jar
[21:34:43] [Server thread/INFO]: [SpigotLibraryLoader] [DeathChest] Loaded library /workspaces/esesesese/servidor_minecraft/libraries/org/apiguardian/apiguardian-api/1.1.2/apiguardian-api-1.1.2.jar
[21:34:43] [Server thread/INFO]: [SpigotLibraryLoader] [DeathChest] Loaded library /workspaces/esesesese/servidor_minecraft/libraries/cloud/commandframework/cloud-bukkit/1.7.1/cloud-bukkit-1.7.1.jar
[21:34:43] [Server thread/INFO]: [SpigotLibraryLoader] [DeathChest] Loaded library /workspaces/esesesese/servidor_minecraft/libraries/cloud/commandframework/cloud-brigadier/1.7.1/cloud-brigadier-1.7.1.jar
[21:34:43] [Server thread/INFO]: [SpigotLibraryLoader] [DeathChest] Loaded library /workspaces/esesesese/servidor_minecraft/libraries/cloud/commandframework/cloud-tasks/1.7.1/cloud-tasks-1.7.1.jar
[21:34:43] [Server thread/INFO]: [SpigotLibraryLoader] [DeathChest] Loaded library /workspaces/esesesese/servidor_minecraft/libraries/net/kyori/adventure-platform-bukkit/4.3.0/adventure-platform-bukkit-4.3.0.jar
[21:34:43] [Server thread/INFO]: [SpigotLibraryLoader] [DeathChest] Loaded library /workspaces/esesesese/servidor_minecraft/libraries/net/kyori/adventure-platform-api/4.3.0/adventure-platform-api-4.3.0.jar
[21:34:43] [Server thread/INFO]: [SpigotLibraryLoader] [DeathChest] Loaded library /workspaces/esesesese/servidor_minecraft/libraries/net/kyori/adventure-text-serializer-bungeecord/4.3.0/adventure-text-serializer-bungeecord-4.3.0.jar
[21:34:43] [Server thread/INFO]: [SpigotLibraryLoader] [DeathChest] Loaded library /workspaces/esesesese/servidor_minecraft/libraries/net/kyori/adventure-nbt/4.13.0/adventure-nbt-4.13.0.jar
[21:34:43] [Server thread/INFO]: [SpigotLibraryLoader] [DeathChest] Loaded library /workspaces/esesesese/servidor_minecraft/libraries/net/kyori/examination-api/1.3.0/examination-api-1.3.0.jar
[21:34:43] [Server thread/INFO]: [SpigotLibraryLoader] [DeathChest] Loaded library /workspaces/esesesese/servidor_minecraft/libraries/net/kyori/examination-string/1.3.0/examination-string-1.3.0.jar
[21:34:43] [Server thread/INFO]: [SpigotLibraryLoader] [DeathChest] Loaded library /workspaces/esesesese/servidor_minecraft/libraries/org/jetbrains/annotations/24.0.1/annotations-24.0.1.jar
[21:34:43] [Server thread/INFO]: [SpigotLibraryLoader] [DeathChest] Loaded library /workspaces/esesesese/servidor_minecraft/libraries/net/kyori/adventure-text-serializer-gson/4.13.0/adventure-text-serializer-gson-4.13.0.jar
[21:34:43] [Server thread/INFO]: [SpigotLibraryLoader] [DeathChest] Loaded library /workspaces/esesesese/servidor_minecraft/libraries/net/kyori/adventure-text-serializer-gson-legacy-impl/4.13.0/adventure-text-serializer-gson-legacy-impl-4.13.0.jar
[21:34:43] [Server thread/INFO]: [SpigotLibraryLoader] [DeathChest] Loaded library /workspaces/esesesese/servidor_minecraft/libraries/net/kyori/adventure-platform-facet/4.3.0/adventure-platform-facet-4.3.0.jar
[21:34:43] [Server thread/INFO]: [SpigotLibraryLoader] [DeathChest] Loaded library /workspaces/esesesese/servidor_minecraft/libraries/net/kyori/adventure-platform-viaversion/4.3.0/adventure-platform-viaversion-4.3.0.jar
[21:34:43] [Server thread/INFO]: [SpigotLibraryLoader] [DeathChest] Loaded library /workspaces/esesesese/servidor_minecraft/libraries/net/kyori/adventure-text-minimessage/4.14.0/adventure-text-minimessage-4.14.0.jar
[21:34:43] [Server thread/INFO]: [SpigotLibraryLoader] [DeathChest] Loaded library /workspaces/esesesese/servidor_minecraft/libraries/net/kyori/adventure-api/4.14.0/adventure-api-4.14.0.jar
[21:34:43] [Server thread/INFO]: [SpigotLibraryLoader] [DeathChest] Loaded library /workspaces/esesesese/servidor_minecraft/libraries/net/kyori/adventure-key/4.14.0/adventure-key-4.14.0.jar
[21:34:43] [Server thread/INFO]: [SpigotLibraryLoader] [DeathChest] Loaded library /workspaces/esesesese/servidor_minecraft/libraries/net/kyori/adventure-text-serializer-legacy/4.14.0/adventure-text-serializer-legacy-4.14.0.jar
[21:34:43] [Server thread/INFO]: [SpigotLibraryLoader] [DeathChest] Loaded library /workspaces/esesesese/servidor_minecraft/libraries/org/bstats/bstats-bukkit/3.0.2/bstats-bukkit-3.0.2.jar
[21:34:43] [Server thread/INFO]: [SpigotLibraryLoader] [DeathChest] Loaded library /workspaces/esesesese/servidor_minecraft/libraries/org/bstats/bstats-base/3.0.2/bstats-base-3.0.2.jar
[21:34:43] [Server thread/INFO]: [ViaVersion] Loading server plugin ViaVersion v5.2.1
[21:34:43] [Server thread/INFO]: [ViaVersion] ViaVersion 5.2.1 is now loaded. Registering protocol transformers and injecting...
[21:34:44] [Via-Mappingloader-0/INFO]: [ViaVersion] Loading block connection mappings ...
[21:34:44] [Via-Mappingloader-0/INFO]: [ViaVersion] Using FastUtil Long2ObjectOpenHashMap for block connections
[21:34:45] [Server thread/INFO]: [ViaBackwards] Loading translations...
[21:34:45] [Server thread/INFO]: [ViaBackwards] Registering protocols...
[21:34:46] [Server thread/INFO]: [ViaRewind] Registering protocols...
[21:34:47] [Server thread/INFO]: [floodgate] Loading server plugin floodgate v2.2.3-SNAPSHOT (b114-83fbd6e)
[21:34:48] [Server thread/WARN]: [floodgate] en_ is not a supported Floodgate language.
[21:34:48] [Server thread/INFO]: [floodgate] Took 1,948ms to boot Floodgate
[21:34:48] [Server thread/INFO]: [ViaBackwards] Loading server plugin ViaBackwards v5.2.1
[21:34:48] [Server thread/INFO]: [RedProtect] Loading server plugin RedProtect v8.1.2-SNAPSHOT
[21:34:48] [Server thread/INFO]: [Spawntp] Loading server plugin Spawntp v4.0.4
[21:34:48] [Server thread/INFO]: [MeteoritesPro] Loading server plugin MeteoritesPro v1.5.3
[21:34:48] [Server thread/INFO]: [ZombieApocalypse] Loading server plugin ZombieApocalypse v1.4.11
[21:34:48] [Server thread/INFO]: [SimpleTpa] Loading server plugin SimpleTpa v7.4
[21:34:48] [Server thread/INFO]: [Geyser-Spigot] Loading server plugin Geyser-Spigot v2.6.0-SNAPSHOT
[21:34:50] [Server thread/INFO]: [Geyser-Spigot] Loading extensions...
[21:34:50] [Server thread/INFO]: [Geyser-Spigot] Loaded 0 extension(s)
[21:34:50] [Server thread/INFO]: [SkinsRestorer] Loading server plugin SkinsRestorer v15.5.1
[21:34:50] [Server thread/INFO]: [BloodMoon] Loading server plugin BloodMoon v0.8.1
[21:34:50] [Server thread/INFO]: [LoginSecurity] Loading server plugin LoginSecurity v3.3.0
[21:34:50] [Server thread/INFO]: [ViaRewind] Loading server plugin ViaRewind v4.0.5
[21:34:50] [Server thread/INFO]: [DeathChest] Loading server plugin DeathChest v2.2.7
[21:34:50] [Server thread/INFO]: Server permissions file permissions.yml is empty, ignoring it
[21:34:50] [Server thread/INFO]: [SkinsRestorer] Enabling SkinsRestorer v15.5.1
[21:34:51] [Server thread/WARN]: [SkinsRestorer] You must agree to the rules at 'commands.perSkinPermissionsConsent' in the config to use per skin permissions.
[21:34:52] [Server thread/INFO]: [SkinsRestorer] Running on Minecraft 1.21.0.
[21:34:52] [Server thread/INFO]: [SkinsRestorer] Floodgate skin listener registered
[21:34:53] [Server thread/INFO]: [SkinsRestorer] Using paper join listener!
[21:34:53] [Server thread/INFO]: [ViaRewind] Enabling ViaRewind v4.0.5
[21:34:53] [Server thread/WARN]: **** SERVER IS RUNNING IN OFFLINE/INSECURE MODE!
[21:34:53] [Server thread/WARN]: The server will make no attempt to authenticate usernames. Beware.
[21:34:53] [Server thread/WARN]: While this makes the game possible to play without internet access, it also opens up the ability for hackers to connect with any username they choose.
[21:34:53] [Server thread/WARN]: To change this, set "online-mode" to "true" in the server.properties file.
[21:34:53] [Server thread/INFO]: Preparing level "world"
[21:34:53] [Folia Async Scheduler Thread #1/INFO]: [SkinsRestorer] ----------------------------------------------
[21:34:53] [Folia Async Scheduler Thread #1/INFO]: [SkinsRestorer]     +==================+
[21:34:53] [Folia Async Scheduler Thread #1/INFO]: [SkinsRestorer]     |   SkinsRestorer  |
[21:34:53] [Folia Async Scheduler Thread #1/INFO]: [SkinsRestorer]     |------------------|
[21:34:53] [Folia Async Scheduler Thread #1/INFO]: [SkinsRestorer]     |  Standalone Mode |
[21:34:53] [Folia Async Scheduler Thread #1/INFO]: [SkinsRestorer]     +==================+
[21:34:53] [Folia Async Scheduler Thread #1/INFO]: [SkinsRestorer] ----------------------------------------------
[21:34:53] [Folia Async Scheduler Thread #1/INFO]: [SkinsRestorer]     Version: 15.5.1
[21:34:53] [Folia Async Scheduler Thread #1/INFO]: [SkinsRestorer]     Commit: d5d8613
[21:34:53] [Folia Async Scheduler Thread #1/INFO]: [SkinsRestorer]     This is the latest version!
[21:34:53] [Folia Async Scheduler Thread #1/INFO]: [SkinsRestorer] ----------------------------------------------
[21:34:53] [Folia Async Scheduler Thread #1/INFO]: [SkinsRestorer] Do you have issues? Read our troubleshooting guide: https://skinsrestorer.net/docs/troubleshooting
[21:34:53] [Folia Async Scheduler Thread #1/INFO]: [SkinsRestorer] Want to support SkinsRestorer? Consider donating: https://skinsrestorer.net/donate
[21:34:55] [Server thread/INFO]: Preparing start region for dimension minecraft:overworld
[21:34:56] [Server thread/INFO]: Time elapsed: 1140 ms
[21:34:56] [Server thread/INFO]: Preparing start region for dimension minecraft:the_nether
[21:34:56] [Server thread/INFO]: Time elapsed: 413 ms
[21:34:56] [Server thread/INFO]: Preparing start region for dimension minecraft:the_end
[21:34:56] [Server thread/INFO]: Time elapsed: 91 ms
[21:34:56] [Server thread/INFO]: Preparing start region for dimension bracken:varskspace
[21:34:57] [Server thread/INFO]: Time elapsed: 307 ms
[21:34:57] [Server thread/INFO]: Preparing start region for dimension bracken:pax
[21:34:57] [Server thread/INFO]: Time elapsed: 133 ms
[21:34:57] [Server thread/INFO]: Preparing start region for dimension bracken:glacium
[21:34:57] [Server thread/INFO]: Time elapsed: 207 ms
[21:34:57] [Server thread/INFO]: Preparing start region for dimension bracken:void
[21:34:57] [Server thread/INFO]: Time elapsed: 81 ms
[21:34:57] [Server thread/INFO]: Preparing start region for dimension bracken:the_faewild
[21:34:57] [Server thread/INFO]: Time elapsed: 124 ms
[21:34:57] [Server thread/INFO]: Preparing start region for dimension bracken:omnidrome
[21:34:57] [Server thread/INFO]: Time elapsed: 137 ms
[21:34:57] [Server thread/INFO]: Preparing start region for dimension bracken:sanctum
[21:34:58] [Server thread/INFO]: Time elapsed: 1111 ms
[21:34:58] [Server thread/INFO]: Preparing start region for dimension bracken:panacea
[21:34:59] [Server thread/INFO]: Time elapsed: 232 ms
[21:34:59] [Server thread/INFO]: Preparing start region for dimension bracken:the_brine
[21:34:59] [Server thread/INFO]: Time elapsed: 101 ms
[21:34:59] [Server thread/INFO]: Preparing start region for dimension bracken:the_underdark
[21:34:59] [Server thread/INFO]: Time elapsed: 102 ms
[21:34:59] [Server thread/INFO]: Preparing start region for dimension bracken:dormis
[21:34:59] [Server thread/INFO]: Time elapsed: 335 ms
[21:34:59] [Server thread/INFO]: [ViaVersion] Enabling ViaVersion v5.2.1
[21:34:59] [Server thread/INFO]: [ViaVersion] ViaVersion detected server version: 1.21-1.21.1 (767)
[21:34:59] [Server thread/INFO]: [floodgate] Enabling floodgate v2.2.3-SNAPSHOT (b114-83fbd6e)
[21:35:00] [Server thread/INFO]: [ViaBackwards] Enabling ViaBackwards v5.2.1
[21:35:00] [Server thread/INFO]: [RedProtect] Enabling RedProtect v8.1.2-SNAPSHOT
[21:35:01] [Server thread/INFO]: [RedProtect] Server version: 1.21-R0.1-SNAPSHOT
[21:35:01] [Server thread/INFO]: [RedProtect] All configurations loaded!
[21:35:01] [Server thread/INFO]: [RedProtect] Language file loaded - Using: EN-US
[21:35:01] [Server thread/INFO]: [RedProtect] Registering commands...
[21:35:02] [Server thread/INFO]: [RedProtect] Registering listeners...
[21:35:02] [Server thread/INFO]: [RedProtect] - Loading world's regions...
[21:35:02] [Server thread/INFO]: [RedProtect] - Loading world_nether's regions...
[21:35:02] [Server thread/INFO]: [RedProtect] - Loading world_the_end's regions...
[21:35:02] [Server thread/INFO]: [RedProtect] - Loading world_bracken_varskspace's regions...
[21:35:02] [Server thread/INFO]: [RedProtect] - Loading world_bracken_pax's regions...
[21:35:02] [Server thread/INFO]: [RedProtect] - Loading world_bracken_glacium's regions...
[21:35:02] [Server thread/INFO]: [RedProtect] - Loading world_bracken_void's regions...
[21:35:02] [Server thread/INFO]: [RedProtect] - Loading world_bracken_the_faewild's regions...
[21:35:02] [Server thread/INFO]: [RedProtect] - Loading world_bracken_omnidrome's regions...
[21:35:02] [Server thread/INFO]: [RedProtect] - Loading world_bracken_sanctum's regions...
[21:35:02] [Server thread/INFO]: [RedProtect] - Loading world_bracken_panacea's regions...
[21:35:02] [Server thread/INFO]: [RedProtect] - Loading world_bracken_the_brine's regions...
[21:35:02] [Server thread/INFO]: [RedProtect] - Loading world_bracken_the_underdark's regions...
[21:35:02] [Server thread/INFO]: [RedProtect] - Loading world_bracken_dormis's regions...
[21:35:02] [Server thread/INFO]: [RedProtect] Auto-save Scheduler: Saving file database every 60 minutes!
[21:35:02] [Server thread/INFO]: [RedProtect] There are 5 regions on (file) database!
[21:35:02] [Server thread/INFO]: [RedProtect] Helper version: Latest
[21:35:02] [Server thread/INFO]: [RedProtect] Loading GuiFlags for 1.14+
[21:35:02] [Server thread/INFO]: [RedProtect] Metrics enabled! See our stats here: https://bstats.org/plugin/bukkit/RedProtect
[21:35:02] [Server thread/INFO]: [RedProtect] Loading API...
[21:35:02] [Server thread/INFO]: [RedProtect] API Loaded!
[21:35:02] [Server thread/INFO]:  _   _  _   _   _   _  _ _  _  _ _ _  _
[21:35:02] [Server thread/INFO]: |_| |_ | \ |_| |_| | |  |  |_ |   |  |_|
[21:35:02] [Server thread/INFO]: | \ |_ |_/ |   | \ |_|  |  |_ |_  |  |_|
[21:35:02] [Server thread/INFO]: » RedProtect v8.1.2-SNAPSHOT enabled
[21:35:02] [Server thread/INFO]: 
[21:35:02] [Server thread/INFO]: [Spawntp] Enabling Spawntp v4.0.4
[21:35:03] [Server thread/INFO]: [MeteoritesPro] Enabling MeteoritesPro v1.5.3
[21:35:03] [Server thread/INFO]:          __
[21:35:03] [Server thread/INFO]:    |\/| |__)   MeteoritesPro v1.5.3
[21:35:03] [Server thread/INFO]:    |  | |        by OliPulse
[21:35:03] [Server thread/INFO]:  
[21:35:03] [Server thread/INFO]: [MeteoritesPro] Invalid particle type: 'SMOKE_LARGE' for particle '2'
[21:35:03] [Server thread/INFO]: [ZombieApocalypse] Enabling ZombieApocalypse v1.4.11
[21:35:03] [Server thread/INFO]: Environment: Environment[sessionHost=https://sessionserver.mojang.com, servicesHost=https://api.minecraftservices.com, name=PROD]
[21:35:03] [Server thread/INFO]: [ZombieApocalypse] Configuration has been successfully loaded!
[21:35:03] [Server thread/INFO]: [ZombieApocalypse] If you really love this project, you could consider donating to help me keep this project alive! https://paypal.me/3ricL
[21:35:03] [Server thread/INFO]: [SimpleTpa] Enabling SimpleTpa v7.4
[21:35:03] [Server thread/INFO]: [SimpleTpa] If you need support contact me at https://discord.gg/SZUkza9
[21:35:03] [Server thread/INFO]: [SimpleTpa] Simple Tpa has been enabled on version 7.4
[21:35:03] [Server thread/INFO]: Enabled metrics. You may opt-out by changing plugins/bStats/config.yml
[21:35:03] [Server thread/INFO]: [Geyser-Spigot] Enabling Geyser-Spigot v2.6.0-SNAPSHOT
[21:35:04] [Server thread/INFO]: [BloodMoon] Enabling BloodMoon v0.8.1
[21:35:04] [Server thread/INFO]: [BloodMoon] This plugin is still in its infancy. If you encounter a bug, please report it to https://www.spigotmc.org/threads/bloodmoon.412741/
[21:35:04] [Server thread/INFO]: [LoginSecurity] Enabling LoginSecurity v3.3.0
[21:35:04] [Server thread/INFO]: [LoginSecurity] Loading base translations from "en_us"
[21:35:04] [Server thread/INFO]: [LoginSecurity] Loading specified translations from "en_us"
[21:35:04] [Server thread/INFO]: [LoginSecurity] Registering commands...
[21:35:04] [Server thread/INFO]: [LoginSecurity] Registering listeners...
[21:35:05] [Server thread/INFO]: [LoginSecurity] Using 1.12+ map captcha renderer
[21:35:05] [Server thread/INFO]: [DeathChest] Enabling DeathChest v2.2.7
[21:35:05] [Server thread/INFO]: [DeathChest] 0 death chests loaded in world "world"
[21:35:05] [Server thread/INFO]: [DeathChest]   Of these 0 have expired
[21:35:05] [Server thread/INFO]: [DeathChest] 0 death chests loaded in world "world_nether"
[21:35:05] [Server thread/INFO]: [DeathChest]   Of these 0 have expired
[21:35:05] [Server thread/INFO]: [DeathChest] 0 death chests loaded in world "world_the_end"
[21:35:05] [Server thread/INFO]: [DeathChest]   Of these 0 have expired
[21:35:05] [Server thread/INFO]: [DeathChest] 0 death chests loaded in world "world_bracken_varskspace"
[21:35:05] [Server thread/INFO]: [DeathChest]   Of these 0 have expired
[21:35:05] [Server thread/INFO]: [DeathChest] 0 death chests loaded in world "world_bracken_pax"
[21:35:05] [Server thread/INFO]: [DeathChest]   Of these 0 have expired
[21:35:05] [Server thread/INFO]: [DeathChest] 0 death chests loaded in world "world_bracken_glacium"
[21:35:05] [Server thread/INFO]: [DeathChest]   Of these 0 have expired
[21:35:05] [Server thread/INFO]: [DeathChest] 0 death chests loaded in world "world_bracken_void"
[21:35:05] [Server thread/INFO]: [DeathChest]   Of these 0 have expired
[21:35:05] [Server thread/INFO]: [DeathChest] 0 death chests loaded in world "world_bracken_the_faewild"
[21:35:05] [Server thread/INFO]: [DeathChest]   Of these 0 have expired
[21:35:05] [Server thread/INFO]: [DeathChest] 0 death chests loaded in world "world_bracken_omnidrome"
[21:35:05] [Server thread/INFO]: [DeathChest]   Of these 0 have expired
[21:35:05] [Server thread/INFO]: [DeathChest] 0 death chests loaded in world "world_bracken_sanctum"
[21:35:05] [Server thread/INFO]: [DeathChest]   Of these 0 have expired
[21:35:05] [Server thread/INFO]: [DeathChest] 0 death chests loaded in world "world_bracken_panacea"
[21:35:05] [Server thread/INFO]: [DeathChest]   Of these 0 have expired
[21:35:05] [Server thread/INFO]: [DeathChest] 0 death chests loaded in world "world_bracken_the_brine"
[21:35:05] [Server thread/INFO]: [DeathChest]   Of these 0 have expired
[21:35:05] [Server thread/INFO]: [DeathChest] 0 death chests loaded in world "world_bracken_the_underdark"
[21:35:05] [Server thread/INFO]: [DeathChest]   Of these 0 have expired
[21:35:05] [Server thread/INFO]: [DeathChest] 0 death chests loaded in world "world_bracken_dormis"
[21:35:05] [Server thread/INFO]: [DeathChest]   Of these 0 have expired
[21:35:05] [Server thread/INFO]: [spark] Starting background profiler...
[21:35:05] [Server thread/INFO]: [Geyser-Spigot] ******************************************
[21:35:05] [Server thread/INFO]: [Geyser-Spigot] 
[21:35:05] [Server thread/INFO]: [Geyser-Spigot] Loading Geyser version 2.6.0-b742 (git-master-ddd1afa)
[21:35:05] [Server thread/INFO]: [Geyser-Spigot] 
[21:35:05] [Server thread/INFO]: [Geyser-Spigot] ******************************************
[21:35:13] [epollEventLoopGroup-3-1/INFO]: [Geyser-Spigot] Started Geyser on UDP port 4002
[21:35:13] [Server thread/INFO]: [Geyser-Spigot] Done (7.633s)! Run /geyser help for help!
[21:35:13] [Server thread/INFO]: Done preparing level "world" (20.495s)
[21:35:13] [Server thread/INFO]: Running delayed init tasks
[21:35:13] [Server thread/INFO]: Done (46.318s)! For help, type "help"
[21:35:13] [Craft Scheduler Thread - 5 - ViaVersion/INFO]: [ViaVersion] Finished mapping loading, shutting down loader executor.
[21:35:13] [Server thread/INFO]: Timings Reset
[21:35:13] [Server thread/INFO]: Unknown or incomplete command, see below for error
s<--[HERE]
[21:35:13] [Craft Scheduler Thread - 4 - ZombieApocalypse/INFO]: [ZombieApocalypse] Checking for updates...
[21:35:13] [Craft Scheduler Thread - 4 - ZombieApocalypse/INFO]: [ZombieApocalypse] You are running the latest version.
[21:35:18] [Server thread/INFO]: [Not Secure] [Server] h
[21:35:22] [Server thread/INFO]: Stopping the server
[21:35:22] [Server thread/INFO]: Stopping server
[21:35:22] [Server thread/INFO]: [DeathChest] Disabling DeathChest v2.2.7
[21:35:22] [Server thread/INFO]: [ViaRewind] Disabling ViaRewind v4.0.5
[21:35:22] [Server thread/INFO]: [LoginSecurity] Disabling LoginSecurity v3.3.0
[21:35:22] [Server thread/INFO]: [LoginSecurity] Waiting for queued tasks...
[21:35:22] [Server thread/INFO]: [LoginSecurity] ExecutorService shut down, ready to disable.
[21:35:22] [Server thread/INFO]: [BloodMoon] Disabling BloodMoon v0.8.1
[21:35:22] [Server thread/INFO]: [SkinsRestorer] Disabling SkinsRestorer v15.5.1
[21:35:22] [Server thread/INFO]: [Geyser-Spigot] Disabling Geyser-Spigot v2.6.0-SNAPSHOT
[21:35:22] [Server thread/INFO]: [Geyser-Spigot] Shutting down Geyser.
[21:35:23] [Server thread/INFO]: [Geyser-Spigot] Geyser shutdown successfully.
[21:35:23] [Server thread/INFO]: [SimpleTpa] Disabling SimpleTpa v7.4
[21:35:23] [Server thread/INFO]: [SimpleTpa] If you need support contact me at https://discord.gg/SZUkza9
[21:35:23] [Server thread/INFO]: [SimpleTpa] Simple Tpa has been disabled on version 7.4
[21:35:23] [Server thread/INFO]: [ZombieApocalypse] Disabling ZombieApocalypse v1.4.11
[21:35:23] [Server thread/INFO]: [MeteoritesPro] Disabling MeteoritesPro v1.5.3
[21:35:23] [Server thread/INFO]: [Spawntp] Disabling Spawntp v4.0.4
[21:35:23] [Server thread/INFO]: [RedProtect] Disabling RedProtect v8.1.2-SNAPSHOT
[21:35:23] [Server thread/INFO]: [RedProtect] Saving world_bracken_sanctum's regions...
[21:35:23] [Server thread/INFO]: [RedProtect] Saving world_bracken_varskspace's regions...
[21:35:23] [Server thread/INFO]: [RedProtect] Saving world_bracken_void's regions...
[21:35:23] [Server thread/INFO]: [RedProtect] Saving world_bracken_dormis's regions...
[21:35:23] [Server thread/INFO]: [RedProtect] Saving world_bracken_the_underdark's regions...
[21:35:23] [Server thread/INFO]: [RedProtect] Saving world_bracken_glacium's regions...
[21:35:23] [Server thread/INFO]: [RedProtect] Saving world's regions...
[21:35:23] [Server thread/INFO]: [RedProtect] Saving world_the_end's regions...
[21:35:23] [Server thread/INFO]: [RedProtect] Saving world_bracken_the_brine's regions...
[21:35:23] [Server thread/INFO]: [RedProtect] Saving world_bracken_pax's regions...
[21:35:23] [Server thread/INFO]: [RedProtect] Saving world_nether's regions...
[21:35:23] [Server thread/INFO]: [RedProtect] Saving world_bracken_omnidrome's regions...
[21:35:23] [Server thread/INFO]: [RedProtect] Saving world_bracken_the_faewild's regions...
[21:35:23] [Server thread/INFO]: [RedProtect] Saving world_bracken_panacea's regions...
[21:35:23] [Server thread/INFO]: [RedProtect] Unregistering listeners...
[21:35:23] [Server thread/INFO]: [RedProtect] RedProtect v8.1.2-SNAPSHOT turned off...
[21:35:23] [Server thread/INFO]: [ViaBackwards] Disabling ViaBackwards v5.2.1
[21:35:23] [Server thread/INFO]: [floodgate] Disabling floodgate v2.2.3-SNAPSHOT (b114-83fbd6e)
[21:35:23] [Server thread/INFO]: [ViaVersion] Disabling ViaVersion v5.2.1
[21:35:23] [Server thread/INFO]: [ViaVersion] ViaVersion has been disabled; uninjected the platform and shut down the scheduler.
[21:35:23] [Server thread/INFO]: Saving players
[21:35:23] [WebSocketConnectReadThread-107/INFO]: [Geyser-Spigot] The skin uploader has been closed
[21:35:23] [Server thread/INFO]: Saving worlds
[21:35:23] [Server thread/INFO]: Saving chunks for level 'ServerLevel[world]'/minecraft:overworld
[21:35:23] [Server thread/INFO]: [ChunkHolderManager] Waiting 60s for chunk system to halt for world 'world'
[21:35:23] [Server thread/INFO]: [ChunkHolderManager] Halted chunk system for world 'world'
[21:35:23] [Server thread/INFO]: [ChunkHolderManager] Saving all chunkholders for world 'world'
[21:35:23] [Server thread/INFO]: [ChunkHolderManager] Saved 74 block chunks, 74 entity chunks, 0 poi chunks in world 'world' in 0.31s
[21:35:23] [Server thread/INFO]: Saving chunks for level 'ServerLevel[world_nether]'/minecraft:the_nether
[21:35:23] [Server thread/INFO]: [ChunkHolderManager] Waiting 60s for chunk system to halt for world 'world_nether'
[21:35:23] [Server thread/INFO]: [ChunkHolderManager] Halted chunk system for world 'world_nether'
[21:35:23] [Server thread/INFO]: [ChunkHolderManager] Saving all chunkholders for world 'world_nether'
[21:35:23] [Server thread/INFO]: [ChunkHolderManager] Saved 49 block chunks, 49 entity chunks, 0 poi chunks in world 'world_nether' in 0.08s
[21:35:23] [Server thread/INFO]: Saving chunks for level 'ServerLevel[world_the_end]'/minecraft:the_end
[21:35:23] [Server thread/INFO]: [ChunkHolderManager] Waiting 60s for chunk system to halt for world 'world_the_end'
[21:35:23] [Server thread/INFO]: [ChunkHolderManager] Halted chunk system for world 'world_the_end'
[21:35:23] [Server thread/INFO]: [ChunkHolderManager] Saving all chunkholders for world 'world_the_end'
[21:35:23] [Server thread/INFO]: [ChunkHolderManager] Saved 49 block chunks, 49 entity chunks, 0 poi chunks in world 'world_the_end' in 0.03s
[21:35:23] [Server thread/INFO]: Saving chunks for level 'ServerLevel[world_bracken_varskspace]'/bracken:varskspace
[21:35:23] [Server thread/INFO]: [ChunkHolderManager] Waiting 60s for chunk system to halt for world 'world_bracken_varskspace'
[21:35:23] [Server thread/INFO]: [ChunkHolderManager] Halted chunk system for world 'world_bracken_varskspace'
[21:35:23] [Server thread/INFO]: [ChunkHolderManager] Saving all chunkholders for world 'world_bracken_varskspace'
[21:35:24] [Server thread/INFO]: [ChunkHolderManager] Saved 49 block chunks, 49 entity chunks, 0 poi chunks in world 'world_bracken_varskspace' in 0.07s
[21:35:24] [Server thread/INFO]: Saving chunks for level 'ServerLevel[world_bracken_pax]'/bracken:pax
[21:35:24] [Server thread/INFO]: [ChunkHolderManager] Waiting 60s for chunk system to halt for world 'world_bracken_pax'
[21:35:24] [Server thread/INFO]: [ChunkHolderManager] Halted chunk system for world 'world_bracken_pax'
[21:35:24] [Server thread/INFO]: [ChunkHolderManager] Saving all chunkholders for world 'world_bracken_pax'
[21:35:24] [Server thread/INFO]: [ChunkHolderManager] Saved 49 block chunks, 49 entity chunks, 0 poi chunks in world 'world_bracken_pax' in 0.07s
[21:35:24] [Server thread/INFO]: Saving chunks for level 'ServerLevel[world_bracken_glacium]'/bracken:glacium
[21:35:24] [Server thread/INFO]: [ChunkHolderManager] Waiting 60s for chunk system to halt for world 'world_bracken_glacium'
[21:35:24] [Server thread/INFO]: [ChunkHolderManager] Halted chunk system for world 'world_bracken_glacium'
[21:35:24] [Server thread/INFO]: [ChunkHolderManager] Saving all chunkholders for world 'world_bracken_glacium'
[21:35:24] [Server thread/INFO]: [ChunkHolderManager] Saved 49 block chunks, 49 entity chunks, 0 poi chunks in world 'world_bracken_glacium' in 0.08s
[21:35:24] [Server thread/INFO]: Saving chunks for level 'ServerLevel[world_bracken_void]'/bracken:void
[21:35:24] [Server thread/INFO]: [ChunkHolderManager] Waiting 60s for chunk system to halt for world 'world_bracken_void'
[21:35:24] [Server thread/INFO]: [ChunkHolderManager] Halted chunk system for world 'world_bracken_void'
[21:35:24] [Server thread/INFO]: [ChunkHolderManager] Saving all chunkholders for world 'world_bracken_void'
[21:35:24] [Server thread/INFO]: [ChunkHolderManager] Saved 49 block chunks, 49 entity chunks, 0 poi chunks in world 'world_bracken_void' in 0.03s
[21:35:24] [Server thread/INFO]: Saving chunks for level 'ServerLevel[world_bracken_the_faewild]'/bracken:the_faewild
[21:35:24] [Server thread/INFO]: [ChunkHolderManager] Waiting 60s for chunk system to halt for world 'world_bracken_the_faewild'
[21:35:24] [Server thread/INFO]: [ChunkHolderManager] Halted chunk system for world 'world_bracken_the_faewild'
[21:35:24] [Server thread/INFO]: [ChunkHolderManager] Saving all chunkholders for world 'world_bracken_the_faewild'
[21:35:24] [Server thread/INFO]: [ChunkHolderManager] Saved 49 block chunks, 49 entity chunks, 0 poi chunks in world 'world_bracken_the_faewild' in 0.05s
[21:35:24] [Server thread/INFO]: Saving chunks for level 'ServerLevel[world_bracken_omnidrome]'/bracken:omnidrome
[21:35:24] [Server thread/INFO]: [ChunkHolderManager] Waiting 60s for chunk system to halt for world 'world_bracken_omnidrome'
[21:35:24] [Server thread/INFO]: [ChunkHolderManager] Halted chunk system for world 'world_bracken_omnidrome'
[21:35:24] [Server thread/INFO]: [ChunkHolderManager] Saving all chunkholders for world 'world_bracken_omnidrome'
[21:35:24] [Server thread/INFO]: [ChunkHolderManager] Saved 49 block chunks, 49 entity chunks, 0 poi chunks in world 'world_bracken_omnidrome' in 0.04s
[21:35:24] [Server thread/INFO]: Saving chunks for level 'ServerLevel[world_bracken_sanctum]'/bracken:sanctum
[21:35:24] [Server thread/INFO]: [ChunkHolderManager] Waiting 60s for chunk system to halt for world 'world_bracken_sanctum'
[21:35:24] [Server thread/INFO]: [ChunkHolderManager] Halted chunk system for world 'world_bracken_sanctum'
[21:35:24] [Server thread/INFO]: [ChunkHolderManager] Saving all chunkholders for world 'world_bracken_sanctum'
[21:35:24] [Server thread/INFO]: [ChunkHolderManager] Saved 49 block chunks, 49 entity chunks, 0 poi chunks in world 'world_bracken_sanctum' in 0.11s
[21:35:24] [Server thread/INFO]: Saving chunks for level 'ServerLevel[world_bracken_panacea]'/bracken:panacea
[21:35:24] [Server thread/INFO]: [ChunkHolderManager] Waiting 60s for chunk system to halt for world 'world_bracken_panacea'
[21:35:24] [Server thread/INFO]: [ChunkHolderManager] Halted chunk system for world 'world_bracken_panacea'
[21:35:24] [Server thread/INFO]: [ChunkHolderManager] Saving all chunkholders for world 'world_bracken_panacea'
[21:35:24] [Server thread/INFO]: [ChunkHolderManager] Saved 49 block chunks, 49 entity chunks, 0 poi chunks in world 'world_bracken_panacea' in 0.13s
[21:35:24] [Server thread/INFO]: Saving chunks for level 'ServerLevel[world_bracken_the_brine]'/bracken:the_brine
[21:35:24] [Server thread/INFO]: [ChunkHolderManager] Waiting 60s for chunk system to halt for world 'world_bracken_the_brine'
[21:35:24] [Server thread/INFO]: [ChunkHolderManager] Halted chunk system for world 'world_bracken_the_brine'
[21:35:24] [Server thread/INFO]: [ChunkHolderManager] Saving all chunkholders for world 'world_bracken_the_brine'
[21:35:25] [Server thread/INFO]: [ChunkHolderManager] Saved 49 block chunks, 49 entity chunks, 0 poi chunks in world 'world_bracken_the_brine' in 0.12s
[21:35:25] [Server thread/INFO]: Saving chunks for level 'ServerLevel[world_bracken_the_underdark]'/bracken:the_underdark
[21:35:25] [Server thread/INFO]: [ChunkHolderManager] Waiting 60s for chunk system to halt for world 'world_bracken_the_underdark'
[21:35:25] [Server thread/INFO]: [ChunkHolderManager] Halted chunk system for world 'world_bracken_the_underdark'
[21:35:25] [Server thread/INFO]: [ChunkHolderManager] Saving all chunkholders for world 'world_bracken_the_underdark'
[21:35:25] [Server thread/INFO]: [ChunkHolderManager] Saved 49 block chunks, 49 entity chunks, 0 poi chunks in world 'world_bracken_the_underdark' in 0.09s
[21:35:25] [Server thread/INFO]: Saving chunks for level 'ServerLevel[world_bracken_dormis]'/bracken:dormis
[21:35:25] [Server thread/INFO]: [ChunkHolderManager] Waiting 60s for chunk system to halt for world 'world_bracken_dormis'
[21:35:25] [Server thread/INFO]: [ChunkHolderManager] Halted chunk system for world 'world_bracken_dormis'
[21:35:25] [Server thread/INFO]: [ChunkHolderManager] Saving all chunkholders for world 'world_bracken_dormis'
[21:35:25] [Server thread/INFO]: [ChunkHolderManager] Saved 49 block chunks, 49 entity chunks, 0 poi chunks in world 'world_bracken_dormis' in 0.17s
[21:35:25] [Server thread/INFO]: ThreadedAnvilChunkStorage (world): All chunks are saved
[21:35:25] [Server thread/INFO]: ThreadedAnvilChunkStorage (DIM-1): All chunks are saved
[21:35:25] [Server thread/INFO]: ThreadedAnvilChunkStorage (DIM1): All chunks are saved
[21:35:25] [Server thread/INFO]: ThreadedAnvilChunkStorage (varskspace): All chunks are saved
[21:35:25] [Server thread/INFO]: ThreadedAnvilChunkStorage (pax): All chunks are saved
[21:35:25] [Server thread/INFO]: ThreadedAnvilChunkStorage (glacium): All chunks are saved
[21:35:25] [Server thread/INFO]: ThreadedAnvilChunkStorage (void): All chunks are saved
[21:35:25] [Server thread/INFO]: ThreadedAnvilChunkStorage (the_faewild): All chunks are saved
[21:35:25] [Server thread/INFO]: ThreadedAnvilChunkStorage (omnidrome): All chunks are saved
[21:35:25] [Server thread/INFO]: ThreadedAnvilChunkStorage (sanctum): All chunks are saved
[21:35:25] [Server thread/INFO]: ThreadedAnvilChunkStorage (panacea): All chunks are saved
[21:35:25] [Server thread/INFO]: ThreadedAnvilChunkStorage (the_brine): All chunks are saved
[21:35:25] [Server thread/INFO]: ThreadedAnvilChunkStorage (the_underdark): All chunks are saved
[21:35:25] [Server thread/INFO]: ThreadedAnvilChunkStorage (dormis): All chunks are saved
[21:35:25] [Server thread/INFO]: ThreadedAnvilChunkStorage: All dimensions are saved
